<?xml version="1.0" encoding="UTF-8"?>
<!-- Generated by org.testng.reporters.JUnitReportReporter -->
<testsuite hostname="arun-mac.gap.com.gap.com" name="PageObjects.NewTest" tests="1" failures="0" timestamp="26 Jul 2018 18:20:34 GMT" time="4.146" errors="0">
  <testcase name="testEasy" time="4.146" classname="PageObjects.NewTest"/>
</testsuite> <!-- PageObjects.NewTest -->
