<?xml version="1.0" encoding="UTF-8"?>
<!-- Generated by org.testng.reporters.JUnitReportReporter -->
<testsuite hostname="arun-mac.gap.com.gap.com" name="TestRunner.AppTest" tests="1" failures="0" timestamp="27 Jul 2018 22:33:52 GMT" time="0.004" errors="0">
  <testcase name="testApp" time="0.004" classname="TestRunner.AppTest"/>
</testsuite> <!-- TestRunner.AppTest -->
